*** Using Compiler 'V5.06 update 7 (build 960)', folder: 'E:\software\Keil\ARM\ARMCC\Bin'
Build target 'ICBK_Darts'
assembling startup_stm32f407xx.s...
compiling gpio.c...
compiling freertos.c...
compiling main.c...
compiling can.c...
compiling dma.c...
compiling usart.c...
compiling stm32f4xx_hal_msp.c...
compiling stm32f4xx_hal_can.c...
compiling stm32f4xx_it.c...
compiling stm32f4xx_hal_flash.c...
compiling stm32f4xx_hal_rcc_ex.c...
compiling stm32f4xx_hal_rcc.c...
compiling stm32f4xx_hal_flash_ramfunc.c...
compiling stm32f4xx_hal_flash_ex.c...
compiling stm32f4xx_hal_gpio.c...
compiling stm32f4xx_hal_dma.c...
compiling stm32f4xx_hal_pwr.c...
compiling stm32f4xx_hal_dma_ex.c...
compiling stm32f4xx_hal_cortex.c...
compiling stm32f4xx_hal.c...
compiling stm32f4xx_hal_pwr_ex.c...
compiling stm32f4xx_hal_tim_ex.c...
compiling stm32f4xx_hal_exti.c...
compiling stm32f4xx_hal_tim.c...
compiling croutine.c...
compiling event_groups.c...
compiling list.c...
compiling queue.c...
compiling stream_buffer.c...
compiling tasks.c...
compiling timers.c...
compiling cmsis_os.c...
compiling heap_4.c...
compiling port.c...
compiling system_stm32f4xx.c...
compiling stm32f4xx_hal_uart.c...
compiling check_task.c...
compiling shoot_task.c...
compiling CAN_receive.c...
compiling yaw_task.c...
..\Task\yaw_task.c(25): error:  #67: expected a "}"
      const fp32 push_turn_position_pid[3] = {TURN_POSITION_KP, TURN_POSITION_KI, TURN_POSITION_KD};
..\Task\yaw_task.c(25): error:  #29: expected an expression
      const fp32 push_turn_position_pid[3] = {TURN_POSITION_KP, TURN_POSITION_KI, TURN_POSITION_KD};
..\Task\yaw_task.c(25): error:  #29: expected an expression
      const fp32 push_turn_position_pid[3] = {TURN_POSITION_KP, TURN_POSITION_KI, TURN_POSITION_KD};
..\Task\yaw_task.c(25): warning:  #177-D: variable "push_turn_position_pid"  was declared but never referenced
      const fp32 push_turn_position_pid[3] = {TURN_POSITION_KP, TURN_POSITION_KI, TURN_POSITION_KD};
..\Task\yaw_task.c(26): error:  #67: expected a "}"
      const fp32 push_turn_speed_pid[3] = {TURN_SPEED_KP, TURN_SPEED_KI, TURN_SPEED_KD};
..\Task\yaw_task.c(26): error:  #169: expected a declaration
      const fp32 push_turn_speed_pid[3] = {TURN_SPEED_KP, TURN_SPEED_KI, TURN_SPEED_KD};
..\Task\yaw_task.c(26): error:  #169: expected a declaration
      const fp32 push_turn_speed_pid[3] = {TURN_SPEED_KP, TURN_SPEED_KI, TURN_SPEED_KD};
..\Task\yaw_task.c(26): error:  #169: expected a declaration
      const fp32 push_turn_speed_pid[3] = {TURN_SPEED_KP, TURN_SPEED_KI, TURN_SPEED_KD};
..\Task\yaw_task.c(28): error:  #79: expected a type specifier
      pid_init(&yaw_control_data.turn_position_pid, push_turn_position_pid, TURN_POSITION_KP, TURN_POSITION_KI, TURN_POSITION_KD);
..\Task\yaw_task.c(28): error:  #20: identifier "push_turn_position_pid" is undefined
      pid_init(&yaw_control_data.turn_position_pid, push_turn_position_pid, TURN_POSITION_KP, TURN_POSITION_KI, TURN_POSITION_KD);
..\Task\yaw_task.c(28): error:  #79: expected a type specifier
      pid_init(&yaw_control_data.turn_position_pid, push_turn_position_pid, TURN_POSITION_KP, TURN_POSITION_KI, TURN_POSITION_KD);
..\Task\yaw_task.c(28): error:  #18: expected a ")"
      pid_init(&yaw_control_data.turn_position_pid, push_turn_position_pid, TURN_POSITION_KP, TURN_POSITION_KI, TURN_POSITION_KD);
..\Task\yaw_task.c(28): error:  #260-D: explicit type is missing ("int" assumed)
      pid_init(&yaw_control_data.turn_position_pid, push_turn_position_pid, TURN_POSITION_KP, TURN_POSITION_KI, TURN_POSITION_KD);
..\Task\yaw_task.c(28): error:  #147: declaration is incompatible with "void pid_init(pid_data_t *, const float *, float, float)"  (declared at line 30 of "../Component/Algorithm/pid.h")
      pid_init(&yaw_control_data.turn_position_pid, push_turn_position_pid, TURN_POSITION_KP, TURN_POSITION_KI, TURN_POSITION_KD);
..\Task\yaw_task.c(28): error:  #169: expected a declaration
      pid_init(&yaw_control_data.turn_position_pid, push_turn_position_pid, TURN_POSITION_KP, TURN_POSITION_KI, TURN_POSITION_KD);
..\Task\yaw_task.c(28): error:  #169: expected a declaration
      pid_init(&yaw_control_data.turn_position_pid, push_turn_position_pid, TURN_POSITION_KP, TURN_POSITION_KI, TURN_POSITION_KD);
..\Task\yaw_task.c(28): error:  #169: expected a declaration
      pid_init(&yaw_control_data.turn_position_pid, push_turn_position_pid, TURN_POSITION_KP, TURN_POSITION_KI, TURN_POSITION_KD);
..\Task\yaw_task.c(29): error:  #79: expected a type specifier
      pid_init(&yaw_control_data.turn_speed_pid, push_turn_speed_pid, TURN_SPEED_MAX_OUT, TURN_SPEED_MAX_IOUT);
..\Task\yaw_task.c(29): error:  #757: variable "push_turn_speed_pid"  is not a type name
      pid_init(&yaw_control_data.turn_speed_pid, push_turn_speed_pid, TURN_SPEED_MAX_OUT, TURN_SPEED_MAX_IOUT);
..\Task\yaw_task.c(29): error:  #79: expected a type specifier
      pid_init(&yaw_control_data.turn_speed_pid, push_turn_speed_pid, TURN_SPEED_MAX_OUT, TURN_SPEED_MAX_IOUT);
..\Task\yaw_task.c(29): error:  #18: expected a ")"
      pid_init(&yaw_control_data.turn_speed_pid, push_turn_speed_pid, TURN_SPEED_MAX_OUT, TURN_SPEED_MAX_IOUT);
..\Task\yaw_task.c(29): error:  #260-D: explicit type is missing ("int" assumed)
      pid_init(&yaw_control_data.turn_speed_pid, push_turn_speed_pid, TURN_SPEED_MAX_OUT, TURN_SPEED_MAX_IOUT);
..\Task\yaw_task.c(29): error:  #169: expected a declaration
      pid_init(&yaw_control_data.turn_speed_pid, push_turn_speed_pid, TURN_SPEED_MAX_OUT, TURN_SPEED_MAX_IOUT);
..\Task\yaw_task.c(29): error:  #169: expected a declaration
      pid_init(&yaw_control_data.turn_speed_pid, push_turn_speed_pid, TURN_SPEED_MAX_OUT, TURN_SPEED_MAX_IOUT);
..\Task\yaw_task.c(31): error:  #77-D: this declaration has no storage class or type specifier
      yaw_control_data.turn_motor_measure = get_turn_motor_measure_point();
..\Task\yaw_task.c(31): error:  #147: declaration is incompatible with "yaw_control_data_t yaw_control_data"  (declared at line 11)
      yaw_control_data.turn_motor_measure = get_turn_motor_measure_point();
..\Task\yaw_task.c(31): error:  #65: expected a ";"
      yaw_control_data.turn_motor_measure = get_turn_motor_measure_point();
..\Task\yaw_task.c(33): error:  #77-D: this declaration has no storage class or type specifier
      yaw_control_data.yaw_rc = get_remote_control_point();
..\Task\yaw_task.c(33): error:  #147: declaration is incompatible with "yaw_control_data_t yaw_control_data"  (declared at line 31)
      yaw_control_data.yaw_rc = get_remote_control_point();
..\Task\yaw_task.c(33): error:  #65: expected a ";"
      yaw_control_data.yaw_rc = get_remote_control_point();
..\Task\yaw_task.c(34): error:  #169: expected a declaration
  }
..\Task\yaw_task.c: 1 warning, 30 errors
compiling remote_control.c...
compiling bsp_can.c...
compiling bsp_rc.c...
compiling user_lib.c...
compiling pid.c...
"ICBK_Darts\ICBK_Darts.axf" - 30 Error(s), 1 Warning(s).
Target not created.
Build Time Elapsed:  00:01:18
